              	; --------------------------------------
              	; zasm: assemble "tz_rom.s"
              	; date: 2020-03-31 15:13:51
              	; --------------------------------------


              	#target ROM
0000:         	#code ROM, 0, 8192
              	      .org 0
              	;---- Entry 0
              	;     This entry is reserved for blanking display lines
0000: FF      	      .db 0xFF
              	
              	;---- Entry 1: UTC ---------------------------------------------------
              	;     UTC has no offset, and does not observe DST - its not really
              	;     even a timezone as such. But it is the base time that all other
              	;     timezones in the clock are derived.
0001: FFFFFFFF	      .align 0x20
0005: FF...   	
0020: 01      	      .db %00000001     ; The first byte is the entry descriptor. All
              	                        ; ones indicates an empty entry, otherwise a
              	                        ; single bit position describes the entry
              	                        ; type:
              	                        ;  MSb 7:
              	                        ;      6:
              	                        ;      5:
              	                        ;      4:
              	                        ;      3:
              	                        ;      2:
              	                        ;      1:
              	                        ;  LSb 0: Timezone
              	
0021: 55544300	      .text "UTC", 0    ; 3 char, null terminated string displayed at
              	                        ; start of row.
              	
0025: 00      	      .db 0x00          ; Std time mins offset from UTC (BCD)
0026: 00      	      .db 0x00          ; Std time hours offset from UTC (BCD)
              	                        ; Negative offsets: e.g. 0x95 is -5
              	
0027: 00      	      .db 0x00          ; DST start month (BCD)
0028: 00      	      .db 0x00          ; DST start day of month (BCD)
0029: 00      	      .db 0x00          ; DST start hour (BCD)
002A: 00      	      .db %00000000     ; DST start options:
              	                        ;   MSb 7:
              	                        ;       6:
              	                        ;       5:
              	                        ;       4:
              	                        ;       3:
              	                        ;       2: Second sunday of month
              	                        ;       1: Last sunday of month
              	                        ;   LSb 0: First sunday of month
              	
002B: 00      	      .db 0x00          ; DST end month (BCD)
002C: 00      	      .db 0x00          ; DST end day of month (BCD)
002D: 00      	      .db 0x00          ; DST end hour (BCD)
002E: 00      	      .db %00000000     ; DST end options:
              	                        ;   MSb 7:
              	                        ;       6:
              	                        ;       5:
              	                        ;       4:
              	                        ;       3:
              	                        ;       2:
              	                        ;       1: Last sunday of month
              	                        ;   LSb 0: First sunday of month
              	
              	;---- Entry 2: London timezone ---------------------------------------
002F: FFFFFFFF	      .align 0x20
0033: FF...   	
0040: 01      	      .db %00000001
              	
0041: 4C4F4E00	      .text "LON", 0
              	
0045: 00      	      .db 0x00
0046: 00      	      .db 0x00
              	
0047: 03      	      .db 0x03
0048: 00      	      .db 0x00
0049: 01      	      .db 0x01
004A: 02      	      .db %00000010
              	
004B: 10      	      .db 0x10
004C: 00      	      .db 0x00
004D: 02      	      .db 0x02
004E: 02      	      .db %00000010
              	
              	;---- Entry 3: Sydney timezone ---------------------------------------
004F: FFFFFFFF	      .align 0x20
0053: FF...   	
0060: 01      	      .db %00000001
              	
0061: 53594400	      .text "SYD", 0
              	
0065: 00      	      .db 0x00
0066: 10      	      .db 0x10
              	
0067: 10      	      .db 0x10
0068: 00      	      .db 0x00
0069: 02      	      .db 0x02
006A: 01      	      .db %00000001
              	
006B: 04      	      .db 0x04
006C: 00      	      .db 0x00
006D: 03      	      .db 0x03
006E: 01      	      .db %00000001
              	
              	;---- Entry 4: Los Angeles timezone ----------------------------------
006F: FFFFFFFF	      .align 0x20
0073: FF...   	
0080: 01      	      .db %00000001
              	
0081: 4C415800	      .text "LAX", 0
              	
0085: 00      	      .db 0x00
0086: 92      	      .db 0x92
              	
0087: 03      	      .db 0x03
0088: 00      	      .db 0x00
0089: 02      	      .db 0x02
008A: 04      	      .db %00000100
              	
008B: 11      	      .db 0x11
008C: 00      	      .db 0x00
008D: 02      	      .db 0x02
008E: 01      	      .db %00000001


; +++ segments +++

#CODE ROM      = $0000 =     0,  size = $2000 =  8192

; +++ global symbols +++

ROM      = $0000 =     0  ROM     tz_rom.s:1 (unused)
ROM_end  = $2000 =  8192  ROM     tz_rom.s:1 (unused)
ROM_size = $2000 =  8192  ROM     tz_rom.s:1 (unused)


total time: 0.0045 sec.
no errors
